<?xml version="1.0" encoding="UTF-8"?>
<!-- Generated by org.testng.reporters.JUnitReportReporter -->
<testsuite hostname="TejiDhoot" failures="0" tests="1" name="org.web.automation.testcases.TC_002" time="3.332" errors="0" timestamp="2021-04-25T01:07:36 EDT" skipped="0">
  <testcase classname="org.web.automation.testcases.TC_002" name="tc_002" time="3.332"/>
  <system-out/>
</testsuite> <!-- org.web.automation.testcases.TC_002 -->
