<?xml version="1.0" encoding="UTF-8"?>
<!-- Generated by org.testng.reporters.JUnitReportReporter -->
<testsuite hostname="TejiDhoot" failures="0" tests="1" name="org.web.automation.testcases.TC_001" time="3.739" errors="0" timestamp="2021-04-25T13:46:08 EDT" skipped="0">
  <testcase classname="org.web.automation.testcases.TC_001" name="tc_001" time="3.739"/>
  <system-out/>
</testsuite> <!-- org.web.automation.testcases.TC_001 -->
